<?xml version="1.0" encoding="utf-8"?><testsuites><testsuite name="pytest" errors="0" failures="0" skipped="1" tests="295" time="13.415" timestamp="2023-11-19T12:12:29.458081" hostname="is-nts-jenkins2.uoregon.edu"><testcase classname="src.netdot.parse" name="netdot.parse.MACAddress_from_asset" time="0.005" /><testcase classname="src.netdot.dataclasses.base" name="netdot.dataclasses.base.NetdotAPIDataclass._infer_xlink_class_map" time="0.002" /><testcase classname="src.netdot.dataclasses.base" name="netdot.dataclasses.base.NetdotAPIDataclass._related_classes" time="0.003" /><testcase classname="src.netdot.dataclasses.base" name="netdot.dataclasses.base.NetdotAPIDataclass._updatable_fields" time="0.002" /><testcase classname="src.netdot.dataclasses.base" name="netdot.dataclasses.base.NetdotAPIDataclass.foreign_key_field_names" time="0.002" /><testcase classname="src.netdot.dataclasses.base" name="netdot.dataclasses.base.NetdotAPIDataclass.to_DTO" time="0.004" /><testcase classname="tests.test_NetdotAPIDataclass" name="test_Device_initialization" time="0.191" /><testcase classname="tests.test_NetdotAPIDataclass" name="test_Closet_initialization" time="0.001" /><testcase classname="tests.test_NetdotAPIDataclass" name="test_Site_initialization" time="0.001" /><testcase classname="tests.test_NetdotAPIDataclass" name="test_Product_initialization" time="0.001" /><testcase classname="tests.test_NetdotAPIDataclass" name="test_asset_setter" time="0.001" /><testcase classname="tests.test_NetdotAPIDataclass" name="test_post_init_handles_xlink_population" time="0.001" /><testcase classname="tests.test_NetdotAPIDataclass" name="test_add_methods_exist" time="0.001" /><testcase classname="tests.test_NetdotAPIDataclass" name="test_load_methods_exist" time="0.001" /><testcase classname="tests.test_NetdotAPIDataclass" name="test_create" time="0.068" /><testcase classname="tests.test_NetdotAPIDataclass" name="test_cannot_create_with_ID" time="0.029" /><testcase classname="tests.test_NetdotAPIDataclass" name="test_update" time="0.040" /><testcase classname="tests.test_NetdotAPIDataclass" name="test_my_xlink_load_method" time="0.035" /><testcase classname="tests.test_NetdotAPIDataclass" name="test_my_xlink_load_method_when_none_related" time="0.029" /><testcase classname="tests.test_NetdotAPIDataclass" name="test_require_ID_to_update" time="0.023" /><testcase classname="tests.test_NetdotAPIDataclass" name="test_create_RR_with_datetime" time="0.045" /><testcase classname="tests.test_NetdotAPIDataclass" name="test_sites_equal" time="0.036" /><testcase classname="tests.test_NetdotAPIDataclass" name="test_sites_unequal_after_modification" time="0.043" /><testcase classname="tests.test_NetdotAPIDataclass" name="test_sites_unequal" time="0.037" /><testcase classname="tests.test_NetdotAPIDataclass" name="test_replace" time="0.003" /><testcase classname="tests.test_client" name="test_get_object_by_id" time="0.029" /><testcase classname="tests.test_client" name="test_get_all" time="0.047" /><testcase classname="tests.test_client" name="test_create_object_site" time="0.028" /><testcase classname="tests.test_client" name="test_get_object_by_id_0_raises_error" time="0.029" /><testcase classname="tests.test_client" name="test_get_object_by_id_FooBar_raises_error" time="0.048" /><testcase classname="tests.test_client" name="test_delete_object_site" time="0.036" /><testcase classname="tests.test_client" name="test_verify_ssl_enabled_by_default" time="0.023" /><testcase classname="tests.test_client" name="test_logout" time="0.033" /><testcase classname="tests.test_client" name="test_login_fails_with_nice_message" time="0.034" /><testcase classname="tests.test_client" name="test_warn_if_CarpCroak_returned_in_HTTP_response" time="0.002"><skipped type="pytest.skip" message="We're struggling to remember how to solicit a 'Carp::croak' from netdot REST API. It was happening last week, but it doesn't show up in NSDB Logs... Prime suspect is the: 'search_like' Netdot function -- iirc, the error messages looked like they were produced from there.">/var/lib/jenkins/workspace/etdot-python-api-wrapper_0.4.0_2/tests/test_client.py:127: We're struggling to remember how to solicit a 'Carp::croak' from netdot REST API. It was happening last week, but it doesn't show up in NSDB Logs... Prime suspect is the: 'search_like' Netdot function -- iirc, the error messages looked like they were produced from there.</skipped></testcase><testcase classname="tests.test_csv_util" name="test_as_csv" time="0.001" /><testcase classname="tests.test_csv_util" name="test_escape_delim" time="0.001" /><testcase classname="tests.test_csv_util" name="test_csv_dataclass" time="0.002" /><testcase classname="tests.test_csv_util" name="test_csv_dataclass_select_columns" time="0.002" /><testcase classname="tests.test_csv_util" name="test_CSVReport" time="0.002" /><testcase classname="tests.test_csv_util" name="test_CSVReport_custom_header" time="0.001" /><testcase classname="tests.test_csv_util" name="test_CSVReport_save_as_file" time="0.003" /><testcase classname="tests.test_csv_util" name="test_CSVReport_override_header" time="0.001" /><testcase classname="tests.test_csv_util" name="test_CSVReport_override_header_too_many" time="0.001" /><testcase classname="tests.test_csv_util" name="test_CSVReport_sort" time="0.001" /><testcase classname="tests.test_csv_util" name="test_CSVReport_sort_by_number" time="0.001" /><testcase classname="tests.test_csv_util" name="test_CSVReport_sort_multicol" time="0.001" /><testcase classname="tests.test_csv_util" name="test_CSVReport_empty_header" time="0.001" /><testcase classname="tests.test_generated_docs" name="test_generate_markdown_API_docs" time="0.548" /><testcase classname="tests.test_generated_docs" name="test_generate_ENV_VARs_help_docs" time="0.007" /><testcase classname="tests.test_mac_address" name="test_all_lowercase" time="0.001" /><testcase classname="tests.test_mac_address" name="test_output_with_delimiter" time="0.001" /><testcase classname="tests.test_mac_address" name="test_parse_valid_delimiters[.]" time="0.001" /><testcase classname="tests.test_mac_address" name="test_parse_valid_delimiters[:]" time="0.001" /><testcase classname="tests.test_mac_address" name="test_parse_valid_delimiters[-]" time="0.001" /><testcase classname="tests.test_mac_address" name="test_parse_valid_delimiters[ ]" time="0.001" /><testcase classname="tests.test_mac_address" name="test_whitespace" time="0.001" /><testcase classname="tests.test_mac_address" name="test_invalid_delimiter" time="0.001" /><testcase classname="tests.test_mac_address" name="test_inconsistent_delimiters" time="0.001" /><testcase classname="tests.test_mac_address" name="test_equality" time="0.001" /><testcase classname="tests.test_netdotAction" name="test_repr" time="0.001" /><testcase classname="tests.test_parse_dto" name="test_parse_data_transfer_object_UserType" time="0.001" /><testcase classname="tests.test_parse_dto" name="test_parse_data_transfer_object_Site" time="0.001" /><testcase classname="tests.test_parse_dto" name="test_parse_data_transfer_object_IPBlock" time="0.002" /><testcase classname="tests.test_parse_dto" name="test_parse_data_transfer_object_bogus_xlink" time="0.003" /><testcase classname="tests.test_parse_dto" name="test_parse_data_transfer_object_bogus_DateTime" time="0.003" /><testcase classname="tests.test_parse_dto" name="test_parse_data_transfer_object_logs_WARNING_about_unparsed_DTO_data" time="0.002" /><testcase classname="tests.test_parse_dto" name="test_parse_data_transfer_object_logs_WARNING_about_missing_DTO_data" time="0.002" /><testcase classname="tests.test_repository" name="test__Repository_initialization_of_methods" time="0.001" /><testcase classname="tests.test_repository" name="test_discover_sites_devices" time="0.048" /><testcase classname="tests.test_repository" name="test_get_devices_by_site" time="0.047" /><testcase classname="tests.test_repository" name="test_get_site_from_device" time="0.039" /><testcase classname="tests.test_repository" name="test_discover_device_interfaces" time="0.149" /><testcase classname="tests.test_repository" name="test_get_ipblock_StaticAddress" time="0.030" /><testcase classname="tests.test_repository" name="test_get_ipblock_Subnet" time="0.030" /><testcase classname="tests.test_repository" name="test_get_ipblock_Container" time="0.030" /><testcase classname="tests.test_repository" name="test_discover_ipblock_Subnet_from_StaticAddress" time="0.036" /><testcase classname="tests.test_repository" name="test_get_ipblock_by_address_StaticAddress" time="0.029" /><testcase classname="tests.test_repository" name="test_get_ipblock_by_address_StaticAddressIPv6" time="0.030" /><testcase classname="tests.test_repository" name="test_get_ipblock_by_address_Subnet" time="0.166" /><testcase classname="tests.test_repository" name="test_get_product_with_wierd_name" time="0.030" /><testcase classname="tests.test_repository" name="test_get_product" time="0.029" /><testcase classname="tests.test_repository" name="test_get_products_where" time="0.321" /><testcase classname="tests.test_repository" name="test_get_usertypes" time="0.029" /><testcase classname="tests.test_repository" name="test_get_ASNs" time="0.030" /><testcase classname="tests.test_repository" name="test_get_physaddr" time="0.029" /><testcase classname="tests.test_repository" name="test_get_interface" time="0.030" /><testcase classname="tests.test_repository" name="test_get_physaddr_by_MACAddress" time="0.029" /><testcase classname="tests.test_repository" name="test_get_FWTableEntry" time="0.029" /><testcase classname="tests.test_repository" name="test_find_edge_port" time="0.325" /><testcase classname="tests.test_repository" name="test_find_edge_port_unknown_MACAddress" time="0.029" /><testcase classname="tests.test_repository" name="test_get_ResourceRecord" time="0.029" /><testcase classname="tests.test_repository" name="test_get_ResourceRecord_by_ipaddress1" time="0.041" /><testcase classname="tests.test_repository" name="test_get_ResourceRecord_by_ipaddress2" time="0.042" /><testcase classname="tests.test_repository" name="test_get_person" time="0.032" /><testcase classname="tests.test_repository" name="test_get_ipblockAttribute" time="0.030" /><testcase classname="tests.test_repository" name="test_get_ContactLists" time="0.073" /><testcase classname="tests.test_repository" name="test_get_AccessRights" time="0.602" /><testcase classname="tests.test_repository" name="test_get_Availabilities" time="0.030" /><testcase classname="tests.test_repository" name="test_load_site_entities" time="0.072" /><testcase classname="tests.test_repository" name="test_load_site_entitysites" time="0.038" /><testcase classname="tests.test_repository" name="test_load_device_contacts" time="0.047" /><testcase classname="tests.test_repository" name="test_load_device_devicecontacts" time="0.039" /><testcase classname="tests.test_repository" name="test_ipblock_load_sites" time="0.042" /><testcase classname="tests.test_repository" name="test_ipblock_load_sites__without_site_returns_EMPTY_LIST" time="0.035" /><testcase classname="tests.test_repository" name="test_ipblock_load_sites__without_site_RAISES_404" time="0.035" /><testcase classname="tests.test_repository" name="test_update_Device_contacts" time="0.127" /><testcase classname="tests.test_repository_CRUD" name="test_create_update_delete_ProductType" time="0.075" /><testcase classname="tests.test_repository_CRUD" name="test_create_update_delete_HorizontalCable" time="0.173" /><testcase classname="tests.test_repository_CRUD" name="test_create_update_delete_BackboneCable" time="0.180" /><testcase classname="tests.test_repository_CRUD" name="test_add_backbone_cable_to_closet" time="0.139" /><testcase classname="tests.test_repository_DRY_RUN" name="test_show_changes" time="0.047" /><testcase classname="tests.test_repository_DRY_RUN" name="test_get_rr_by_address_does_NOT_propose_changes" time="0.043" /><testcase classname="tests.test_repository_DRY_RUN" name="test_show_changes_as_tables" time="0.063" /><testcase classname="tests.test_repository_DRY_RUN" name="test_show_changes_as_tables_widescreen" time="0.055" /><testcase classname="tests.test_repository_DRY_RUN" name="test_show_changes_as_tables_select_columns" time="0.038" /><testcase classname="tests.test_repository_DRY_RUN" name="test_save_changes" time="0.035" /><testcase classname="tests.test_repository_DRY_RUN" name="test_status_report_when_failed_action" time="0.038" /><testcase classname="tests.test_repository_DRY_RUN" name="test_incremental_creation_of_site_with_rooms" time="0.065" /><testcase classname="tests.test_repository_get_where" name="test_get_AccessRights_where" time="0.034" /><testcase classname="tests.test_repository_get_where" name="test_get_ASNs_where" time="0.034" /><testcase classname="tests.test_repository_get_where" name="test_get_Assets_where" time="0.035" /><testcase classname="tests.test_repository_get_where" name="test_get_Audits_where" time="0.035" /><testcase classname="tests.test_repository_get_where" name="test_get_Availabilities_where" time="0.059" /><testcase classname="tests.test_repository_get_where" name="test_get_BackboneCables_where" time="0.035" /><testcase classname="tests.test_repository_get_where" name="test_get_BGPPeerings_where" time="0.035" /><testcase classname="tests.test_repository_get_where" name="test_get_CableStrands_where" time="0.035" /><testcase classname="tests.test_repository_get_where" name="test_get_CableTypes_where" time="0.035" /><testcase classname="tests.test_repository_get_where" name="test_get_Circuits_where" time="0.036" /><testcase classname="tests.test_repository_get_where" name="test_get_CircuitStatuses_where" time="0.036" /><testcase classname="tests.test_repository_get_where" name="test_get_CircuitTypes_where" time="0.035" /><testcase classname="tests.test_repository_get_where" name="test_get_Closets_where" time="0.035" /><testcase classname="tests.test_repository_get_where" name="test_get_Contacts_where" time="0.035" /><testcase classname="tests.test_repository_get_where" name="test_get_ContactLists_where" time="0.034" /><testcase classname="tests.test_repository_get_where" name="test_get_ContactTypes_where" time="0.035" /><testcase classname="tests.test_repository_get_where" name="test_get_Devices_where" time="0.039" /><testcase classname="tests.test_repository_get_where" name="test_get_DeviceAttrs_where" time="0.035" /><testcase classname="tests.test_repository_get_where" name="test_get_DeviceAttrNames_where" time="0.035" /><testcase classname="tests.test_repository_get_where" name="test_get_DeviceContacts_where" time="0.035" /><testcase classname="tests.test_repository_get_where" name="test_get_DeviceModules_where" time="0.035" /><testcase classname="tests.test_repository_get_where" name="test_get_DHCPAttrs_where" time="0.035" /><testcase classname="tests.test_repository_get_where" name="test_get_DHCPAttrNames_where" time="0.034" /><testcase classname="tests.test_repository_get_where" name="test_get_DHCPScopes_where" time="0.035" /><testcase classname="tests.test_repository_get_where" name="test_get_DHCPScopeTypes_where" time="0.035" /><testcase classname="tests.test_repository_get_where" name="test_get_DHCPScopeUses_where" time="0.034" /><testcase classname="tests.test_repository_get_where" name="test_get_Entities_where" time="0.034" /><testcase classname="tests.test_repository_get_where" name="test_get_EntityRoles_where" time="0.035" /><testcase classname="tests.test_repository_get_where" name="test_get_EntitySites_where" time="0.035" /><testcase classname="tests.test_repository_get_where" name="test_get_EntityTypes_where" time="0.035" /><testcase classname="tests.test_repository_get_where" name="test_get_FiberTypes_where" time="0.035" /><testcase classname="tests.test_repository_get_where" name="test_get_Floors_where" time="0.034" /><testcase classname="tests.test_repository_get_where" name="test_get_FWTables_where" time="0.034" /><testcase classname="tests.test_repository_get_where" name="test_get_FWTableEntries_where" time="0.034" /><testcase classname="tests.test_repository_get_where" name="test_get_GroupRights_where" time="0.034" /><testcase classname="tests.test_repository_get_where" name="test_get_HorizontalCables_where" time="0.034" /><testcase classname="tests.test_repository_get_where" name="test_get_HostAudits_where" time="0.035" /><testcase classname="tests.test_repository_get_where" name="test_get_Interfaces_where" time="0.036" /><testcase classname="tests.test_repository_get_where" name="test_get_InterfaceVLANs_where" time="0.035" /><testcase classname="tests.test_repository_get_where" name="test_get_IPBlocks_where" time="0.037" /><testcase classname="tests.test_repository_get_where" name="test_get_IPBlockAttrs_where" time="0.034" /><testcase classname="tests.test_repository_get_where" name="test_get_IPBlockAttrNames_where" time="0.034" /><testcase classname="tests.test_repository_get_where" name="test_get_IPBlockStatuses_where" time="0.034" /><testcase classname="tests.test_repository_get_where" name="test_get_IPServices_where" time="0.034" /><testcase classname="tests.test_repository_get_where" name="test_get_MaintContracts_where" time="0.035" /><testcase classname="tests.test_repository_get_where" name="test_get_MonitorStatuses_where" time="0.035" /><testcase classname="tests.test_repository_get_where" name="test_get_OUIs_where" time="0.035" /><testcase classname="tests.test_repository_get_where" name="test_get_Persons_where" time="0.035" /><testcase classname="tests.test_repository_get_where" name="test_get_PhysAddrs_where" time="0.035" /><testcase classname="tests.test_repository_get_where" name="test_get_PhysAddrAttrs_NONE_AVAILABLE" time="0.029" /><testcase classname="tests.test_repository_get_where" name="test_get_PhysAddrAttrNames_where" time="0.034" /><testcase classname="tests.test_repository_get_where" name="test_get_Products_where" time="0.036" /><testcase classname="tests.test_repository_get_where" name="test_get_ProductTypes_where" time="0.036" /><testcase classname="tests.test_repository_get_where" name="test_get_Rooms_where" time="0.035" /><testcase classname="tests.test_repository_get_where" name="test_get_RRs_where" time="0.035" /><testcase classname="tests.test_repository_get_where" name="test_get_RRAddrs_where" time="0.034" /><testcase classname="tests.test_repository_get_where" name="test_get_RRCNAMEs_where" time="0.034" /><testcase classname="tests.test_repository_get_where" name="test_get_RRDSs_where" time="0.034" /><testcase classname="tests.test_repository_get_where" name="test_get_RRHINFOs_where" time="0.034" /><testcase classname="tests.test_repository_get_where" name="test_get_RRLOCs_where" time="0.035" /><testcase classname="tests.test_repository_get_where" name="test_get_RRMXs_where" time="0.035" /><testcase classname="tests.test_repository_get_where" name="test_get_RRNAPTR_NONE_AVAILABLE" time="0.028" /><testcase classname="tests.test_repository_get_where" name="test_get_RRNSs_where" time="0.034" /><testcase classname="tests.test_repository_get_where" name="test_get_RRPTRs_where" time="0.034" /><testcase classname="tests.test_repository_get_where" name="test_get_RRSRVs_where" time="0.034" /><testcase classname="tests.test_repository_get_where" name="test_get_RRTXTs_where" time="0.034" /><testcase classname="tests.test_repository_get_where" name="test_get_SavedQueries_where" time="0.036" /><testcase classname="tests.test_repository_get_where" name="test_get_SchemaInfo_where" time="0.036" /><testcase classname="tests.test_repository_get_where" name="test_get_Services_where" time="0.035" /><testcase classname="tests.test_repository_get_where" name="test_get_Sites_where" time="0.035" /><testcase classname="tests.test_repository_get_where" name="test_get_SiteLinks_where" time="0.034" /><testcase classname="tests.test_repository_get_where" name="test_get_SiteSubnets_where" time="0.056" /><testcase classname="tests.test_repository_get_where" name="test_get_Splices_where" time="0.034" /><testcase classname="tests.test_repository_get_where" name="test_get_STPInstances_where" time="0.034" /><testcase classname="tests.test_repository_get_where" name="test_get_StrandStatuses_where" time="0.034" /><testcase classname="tests.test_repository_get_where" name="test_get_SubnetZones_where" time="0.035" /><testcase classname="tests.test_repository_get_where" name="test_get_UserRights_where" time="0.035" /><testcase classname="tests.test_repository_get_where" name="test_get_UserTypes_where" time="0.035" /><testcase classname="tests.test_repository_get_where" name="test_get_VLANs_where" time="0.034" /><testcase classname="tests.test_repository_get_where" name="test_get_VLANGroups_where" time="0.034" /><testcase classname="tests.test_repository_get_where" name="test_get_Zones_where" time="0.035" /><testcase classname="tests.test_repository_get_where" name="test_get_ZoneAliases_where" time="0.047" /><testcase classname="tests.test_site" name="test_load_rooms" time="0.082" /><testcase classname="tests.test_site" name="test_load_closets" time="3.628" /><testcase classname="tests.test_trace" name="test_trace_every_byte" time="0.267" /><testcase classname="tests.test_unitofwork" name="test_with_data_type" time="0.002" /><testcase classname="tests.test_unitofwork" name="test_dry_run_indents" time="0.295" /><testcase classname="tests.test_unitofwork" name="test_dry_run" time="0.003" /><testcase classname="tests.test_unitofwork" name="test_save_as_pickle_and_load" time="0.002" /><testcase classname="tests.test_unitofwork" name="test_dry_run_tabulated" time="0.014" /><testcase classname="tests.test_unitofwork" name="test_dry_run_tabulated_terse" time="0.016" /><testcase classname="tests.test_unitofwork" name="test_with_action_type_UPDATE_DELETE" time="0.001" /><testcase classname="tests.test_unitofwork" name="test_without_action_type_DELETE" time="0.001" /><testcase classname="tests.test_unitofwork" name="test_failed_change" time="0.037" /><testcase classname="tests.test_utils" name="test_pluralize[Alias-Aliases]" time="0.001" /><testcase classname="tests.test_utils" name="test_pluralize[bag-bags]" time="0.001" /><testcase classname="tests.test_utils" name="test_pluralize[belt-belts]" time="0.001" /><testcase classname="tests.test_utils" name="test_pluralize[bird-birds]" time="0.001" /><testcase classname="tests.test_utils" name="test_pluralize[book-books]" time="0.001" /><testcase classname="tests.test_utils" name="test_pluralize[box-boxes]" time="0.001" /><testcase classname="tests.test_utils" name="test_pluralize[bracelet-bracelets]" time="0.001" /><testcase classname="tests.test_utils" name="test_pluralize[brush-brushes]" time="0.001" /><testcase classname="tests.test_utils" name="test_pluralize[bus-buses]" time="0.001" /><testcase classname="tests.test_utils" name="test_pluralize[camera-cameras]" time="0.001" /><testcase classname="tests.test_utils" name="test_pluralize[car-cars]" time="0.001" /><testcase classname="tests.test_utils" name="test_pluralize[cat-cats]" time="0.001" /><testcase classname="tests.test_utils" name="test_pluralize[ceiling-ceilings]" time="0.001" /><testcase classname="tests.test_utils" name="test_pluralize[chair-chairs]" time="0.001" /><testcase classname="tests.test_utils" name="test_pluralize[class-classes]" time="0.001" /><testcase classname="tests.test_utils" name="test_pluralize[cloud-clouds]" time="0.001" /><testcase classname="tests.test_utils" name="test_pluralize[coat-coats]" time="0.001" /><testcase classname="tests.test_utils" name="test_pluralize[computer-computers]" time="0.001" /><testcase classname="tests.test_utils" name="test_pluralize[Contacts-Contacts]" time="0.001" /><testcase classname="tests.test_utils" name="test_pluralize[desk-desks]" time="0.001" /><testcase classname="tests.test_utils" name="test_pluralize[dish-dishes]" time="0.001" /><testcase classname="tests.test_utils" name="test_pluralize[dog-dogs]" time="0.001" /><testcase classname="tests.test_utils" name="test_pluralize[door-doors]" time="0.001" /><testcase classname="tests.test_utils" name="test_pluralize[dress-dresses]" time="0.001" /><testcase classname="tests.test_utils" name="test_pluralize[earring-earrings]" time="0.001" /><testcase classname="tests.test_utils" name="test_pluralize[fax-faxes]" time="0.001" /><testcase classname="tests.test_utils" name="test_pluralize[floor-floors]" time="0.001" /><testcase classname="tests.test_utils" name="test_pluralize[flower-flowers]" time="0.001" /><testcase classname="tests.test_utils" name="test_pluralize[fox-foxes]" time="0.001" /><testcase classname="tests.test_utils" name="test_pluralize[galaxy-galaxies]" time="0.001" /><testcase classname="tests.test_utils" name="test_pluralize[glass-glasses]" time="0.001" /><testcase classname="tests.test_utils" name="test_pluralize[glove-gloves]" time="0.001" /><testcase classname="tests.test_utils" name="test_pluralize[grass-grasses]" time="0.001" /><testcase classname="tests.test_utils" name="test_pluralize[hat-hats]" time="0.001" /><testcase classname="tests.test_utils" name="test_pluralize[house-houses]" time="0.001" /><testcase classname="tests.test_utils" name="test_pluralize[Info-Info]" time="0.001" /><testcase classname="tests.test_utils" name="test_pluralize[jacket-jackets]" time="0.001" /><testcase classname="tests.test_utils" name="test_pluralize[key-keys]" time="0.001" /><testcase classname="tests.test_utils" name="test_pluralize[kiss-kisses]" time="0.001" /><testcase classname="tests.test_utils" name="test_pluralize[match-matches]" time="0.001" /><testcase classname="tests.test_utils" name="test_pluralize[moon-moons]" time="0.001" /><testcase classname="tests.test_utils" name="test_pluralize[mountain-mountains]" time="0.001" /><testcase classname="tests.test_utils" name="test_pluralize[necklace-necklaces]" time="0.002" /><testcase classname="tests.test_utils" name="test_pluralize[ocean-oceans]" time="0.001" /><testcase classname="tests.test_utils" name="test_pluralize[pants-pants]" time="0.001" /><testcase classname="tests.test_utils" name="test_pluralize[pen-pens]" time="0.001" /><testcase classname="tests.test_utils" name="test_pluralize[phone-phones]" time="0.001" /><testcase classname="tests.test_utils" name="test_pluralize[planet-planets]" time="0.001" /><testcase classname="tests.test_utils" name="test_pluralize[Queries-Queries]" time="0.001" /><testcase classname="tests.test_utils" name="test_pluralize[ring-rings]" time="0.001" /><testcase classname="tests.test_utils" name="test_pluralize[river-rivers]" time="0.001" /><testcase classname="tests.test_utils" name="test_pluralize[roof-roofs]" time="0.001" /><testcase classname="tests.test_utils" name="test_pluralize[RR-RR]" time="0.001" /><testcase classname="tests.test_utils" name="test_pluralize[RRADDR-RRADDR]" time="0.001" /><testcase classname="tests.test_utils" name="test_pluralize[RRCNAME-RRCNAME]" time="0.001" /><testcase classname="tests.test_utils" name="test_pluralize[RRDS-RRDS]" time="0.001" /><testcase classname="tests.test_utils" name="test_pluralize[RRHINFO-RRHINFO]" time="0.001" /><testcase classname="tests.test_utils" name="test_pluralize[RRLOC-RRLOC]" time="0.001" /><testcase classname="tests.test_utils" name="test_pluralize[RRMX-RRMX]" time="0.001" /><testcase classname="tests.test_utils" name="test_pluralize[RRNAPTR-RRNAPTR]" time="0.001" /><testcase classname="tests.test_utils" name="test_pluralize[RRNS-RRNS]" time="0.001" /><testcase classname="tests.test_utils" name="test_pluralize[RRPTR-RRPTR]" time="0.001" /><testcase classname="tests.test_utils" name="test_pluralize[RRSRV-RRSRV]" time="0.001" /><testcase classname="tests.test_utils" name="test_pluralize[RRTXT-RRTXT]" time="0.001" /><testcase classname="tests.test_utils" name="test_pluralize[shirt-shirts]" time="0.001" /><testcase classname="tests.test_utils" name="test_pluralize[shoe-shoes]" time="0.001" /><testcase classname="tests.test_utils" name="test_pluralize[sky-skies]" time="0.001" /><testcase classname="tests.test_utils" name="test_pluralize[sock-socks]" time="0.001" /><testcase classname="tests.test_utils" name="test_pluralize[star-stars]" time="0.001" /><testcase classname="tests.test_utils" name="test_pluralize[Status-Statuses]" time="0.001" /><testcase classname="tests.test_utils" name="test_pluralize[sun-suns]" time="0.001" /><testcase classname="tests.test_utils" name="test_pluralize[table-tables]" time="0.001" /><testcase classname="tests.test_utils" name="test_pluralize[tax-taxes]" time="0.001" /><testcase classname="tests.test_utils" name="test_pluralize[tie-ties]" time="0.001" /><testcase classname="tests.test_utils" name="test_pluralize[tree-trees]" time="0.001" /><testcase classname="tests.test_utils" name="test_pluralize[umbrella-umbrellas]" time="0.001" /><testcase classname="tests.test_utils" name="test_pluralize[universe-universes]" time="0.001" /><testcase classname="tests.test_utils" name="test_pluralize[wall-walls]" time="0.001" /><testcase classname="tests.test_utils" name="test_pluralize[wallet-wallets]" time="0.001" /><testcase classname="tests.test_utils" name="test_pluralize[watch-watches]" time="0.001" /><testcase classname="tests.test_utils" name="test_pluralize[window-windows]" time="0.001" /><testcase classname="tests.test_utils" name="test_pluralize[wish-wishes]" time="0.002" /></testsuite></testsuites>